<?xml version="1.0" encoding="UTF-8"?>
<!-- Generated by org.testng.reporters.JUnitXMLReporter -->
<testsuite hostname="note_gabi" ignored="0" name="BrowserStack Tests" tests="8" failures="1" timestamp="09 dez 2025 17:56:21 GMT" time="123.247" errors="0">
  <testcase name="testBrowserStackGoogleLogo" time="3.404" classname="com.google.automation.GoogleSearchBrowserStackTest"/>
  <testcase name="testBrowserStackGooglePageLoad" time="2.321" classname="com.google.automation.GoogleSearchBrowserStackTest"/>
  <testcase name="testBrowserStackGoogleSearch" time="5.053" classname="com.google.automation.GoogleSearchBrowserStackTest"/>
  <testcase name="testBrowserStackMultipleSearches" time="14.708" classname="com.google.automation.GoogleSearchBrowserStackTest"/>
  <testcase name="testBrowserStackPageLoadPerformance" time="0.425" classname="com.google.automation.GoogleSearchBrowserStackTest"/>
  <testcase name="testBrowserStackPageNavigation" time="8.46" classname="com.google.automation.GoogleSearchBrowserStackTest"/>
  <testcase name="testBrowserStackSearchBoxProperties" time="4.164" classname="com.google.automation.GoogleSearchBrowserStackTest"/>
  <testcase name="testBrowserStackSearchResults" time="25.473" classname="com.google.automation.GoogleSearchBrowserStackTest">
    <failure type="org.openqa.selenium.TimeoutException" message="Expected condition failed: waiting for presence of element located by: By.xpath: //div[contains(@class, &amp;apos;search&amp;apos;)] (tried for 10 second(s) with 500 milliseconds interval)">
      <![CDATA[org.openqa.selenium.TimeoutException: Expected condition failed: waiting for presence of element located by: By.xpath: //div[contains(@class, 'search')] (tried for 10 second(s) with 500 milliseconds interval)
at org.openqa.selenium.support.ui.WebDriverWait.timeoutException(WebDriverWait.java:84)
at org.openqa.selenium.support.ui.FluentWait.until(FluentWait.java:230)
at com.google.automation.GoogleSearchBrowserStackTest.testBrowserStackSearchResults(GoogleSearchBrowserStackTest.java:131)
at java.util.concurrent.FutureTask.run(FutureTask.java:266)
at java.util.concurrent.ThreadPoolExecutor.runWorker(ThreadPoolExecutor.java:1149)
at java.util.concurrent.ThreadPoolExecutor$Worker.run(ThreadPoolExecutor.java:624)
at java.lang.Thread.run(Thread.java:748)
Caused by: org.openqa.selenium.NoSuchElementException: no such element: Unable to locate element: {"method":"xpath","selector":"//div[contains(@class, 'search')]"}
  (Session info: chrome=143.0.7499.41)
For documentation on this error, please visit: https://www.selenium.dev/documentation/webdriver/troubleshooting/errors#no-such-element-exception
Build info: version: '4.10.0', revision: 'c14d967899'
System info: os.name: 'Windows 10', os.arch: 'amd64', os.version: '10.0', java.version: '1.8.0_202'
Driver info: org.openqa.selenium.remote.RemoteWebDriver
Command: [cec2e43245535b9be6dad56c7a96d6bda75a9ba9, findElement {using=xpath, value=//div[contains(@class, 'search')]}]
Capabilities {acceptInsecureCerts: true, browserName: chrome, browserVersion: 143.0.7499.41, chrome: {chromedriverVersion: 143.0.7499.40 (c23ff452476d..., userDataDir: C:\Windows\proxy\scoped_dir...}, fedcm:accounts: true, goog:chromeOptions: {debuggerAddress: localhost:9222}, goog:processID: 3392, networkConnectionEnabled: false, pageLoadStrategy: normal, platformName: windows, proxy: Proxy(), setWindowRect: true, strictFileInteractability: false, timeouts: {implicit: 0, pageLoad: 300000, script: 30000}, unhandledPromptBehavior: dismiss and notify, webauthn:extension:credBlob: true, webauthn:extension:largeBlob: true, webauthn:extension:minPinLength: true, webauthn:extension:prf: true, webauthn:virtualAuthenticators: true, webdriver.remote.sessionid: cec2e43245535b9be6dad56c7a9...}
Session ID: cec2e43245535b9be6dad56c7a96d6bda75a9ba9
at org.openqa.selenium.remote.codec.w3c.W3CHttpResponseCodec.createException(W3CHttpResponseCodec.java:199)
at org.openqa.selenium.remote.codec.w3c.W3CHttpResponseCodec.decode(W3CHttpResponseCodec.java:132)
at org.openqa.selenium.remote.codec.w3c.W3CHttpResponseCodec.decode(W3CHttpResponseCodec.java:51)
at org.openqa.selenium.remote.HttpCommandExecutor.execute(HttpCommandExecutor.java:191)
at org.openqa.selenium.remote.TracedCommandExecutor.execute(TracedCommandExecutor.java:51)
at org.openqa.selenium.remote.RemoteWebDriver.execute(RemoteWebDriver.java:531)
at org.openqa.selenium.remote.ElementLocation$ElementFinder$2.findElement(ElementLocation.java:165)
at org.openqa.selenium.remote.ElementLocation.findElement(ElementLocation.java:59)
at org.openqa.selenium.remote.RemoteWebDriver.findElement(RemoteWebDriver.java:350)
at org.openqa.selenium.remote.RemoteWebDriver.findElement(RemoteWebDriver.java:344)
at org.openqa.selenium.support.ui.ExpectedConditions$6.apply(ExpectedConditions.java:171)
at org.openqa.selenium.support.ui.ExpectedConditions$6.apply(ExpectedConditions.java:168)
at org.openqa.selenium.support.ui.FluentWait.until(FluentWait.java:205)
... 21 more
... Removed 20 stack frames]]>
    </failure>
  </testcase> <!-- testBrowserStackSearchResults -->
</testsuite> <!-- BrowserStack Tests -->
