<?xml version="1.0" encoding="UTF-8"?>
<testsuite xmlns:xsi="http://www.w3.org/2001/XMLSchema-instance" xsi:noNamespaceSchemaLocation="https://maven.apache.org/surefire/maven-surefire-plugin/xsd/surefire-test-report-3.0.xsd" version="3.0" name="TestSuite" time="123.671" tests="18" errors="0" skipped="0" failures="1">
  <properties>
    <property name="sun.desktop" value="windows"/>
    <property name="awt.toolkit" value="sun.awt.windows.WToolkit"/>
    <property name="file.encoding.pkg" value="sun.io"/>
    <property name="java.specification.version" value="1.8"/>
    <property name="webdriver.chrome.driver" value="C:\Users\gabim\.cache\selenium\chromedriver\win64\142.0.7444.175\chromedriver.exe"/>
    <property name="sun.cpu.isalist" value="amd64"/>
    <property name="sun.jnu.encoding" value="Cp1252"/>
    <property name="java.class.path" value="C:\Users\gabim\Documents\GitHub\copilot-tests\google\target\test-classes;C:\Users\gabim\Documents\GitHub\copilot-tests\google\target\classes;C:\Users\gabim\.m2\repository\org\seleniumhq\selenium\selenium-java\4.10.0\selenium-java-4.10.0.jar;C:\Users\gabim\.m2\repository\org\seleniumhq\selenium\selenium-api\4.10.0\selenium-api-4.10.0.jar;C:\Users\gabim\.m2\repository\org\seleniumhq\selenium\selenium-chrome-driver\4.10.0\selenium-chrome-driver-4.10.0.jar;C:\Users\gabim\.m2\repository\com\google\auto\service\auto-service-annotations\1.0.1\auto-service-annotations-1.0.1.jar;C:\Users\gabim\.m2\repository\com\google\auto\service\auto-service\1.0.1\auto-service-1.0.1.jar;C:\Users\gabim\.m2\repository\com\google\auto\auto-common\1.2\auto-common-1.2.jar;C:\Users\gabim\.m2\repository\com\google\guava\guava\31.1-jre\guava-31.1-jre.jar;C:\Users\gabim\.m2\repository\com\google\guava\failureaccess\1.0.1\failureaccess-1.0.1.jar;C:\Users\gabim\.m2\repository\com\google\guava\listenablefuture\9999.0-empty-to-avoid-conflict-with-guava\listenablefuture-9999.0-empty-to-avoid-conflict-with-guava.jar;C:\Users\gabim\.m2\repository\com\google\code\findbugs\jsr305\3.0.2\jsr305-3.0.2.jar;C:\Users\gabim\.m2\repository\org\checkerframework\checker-qual\3.12.0\checker-qual-3.12.0.jar;C:\Users\gabim\.m2\repository\com\google\errorprone\error_prone_annotations\2.11.0\error_prone_annotations-2.11.0.jar;C:\Users\gabim\.m2\repository\com\google\j2objc\j2objc-annotations\1.3\j2objc-annotations-1.3.jar;C:\Users\gabim\.m2\repository\org\seleniumhq\selenium\selenium-chromium-driver\4.10.0\selenium-chromium-driver-4.10.0.jar;C:\Users\gabim\.m2\repository\org\seleniumhq\selenium\selenium-json\4.10.0\selenium-json-4.10.0.jar;C:\Users\gabim\.m2\repository\org\seleniumhq\selenium\selenium-manager\4.10.0\selenium-manager-4.10.0.jar;C:\Users\gabim\.m2\repository\org\seleniumhq\selenium\selenium-devtools-v112\4.10.0\selenium-devtools-v112-4.10.0.jar;C:\Users\gabim\.m2\repository\org\seleniumhq\selenium\selenium-devtools-v113\4.10.0\selenium-devtools-v113-4.10.0.jar;C:\Users\gabim\.m2\repository\org\seleniumhq\selenium\selenium-devtools-v114\4.10.0\selenium-devtools-v114-4.10.0.jar;C:\Users\gabim\.m2\repository\org\seleniumhq\selenium\selenium-devtools-v85\4.10.0\selenium-devtools-v85-4.10.0.jar;C:\Users\gabim\.m2\repository\org\seleniumhq\selenium\selenium-edge-driver\4.10.0\selenium-edge-driver-4.10.0.jar;C:\Users\gabim\.m2\repository\org\seleniumhq\selenium\selenium-firefox-driver\4.10.0\selenium-firefox-driver-4.10.0.jar;C:\Users\gabim\.m2\repository\org\seleniumhq\selenium\selenium-http\4.10.0\selenium-http-4.10.0.jar;C:\Users\gabim\.m2\repository\dev\failsafe\failsafe\3.3.1\failsafe-3.3.1.jar;C:\Users\gabim\.m2\repository\org\seleniumhq\selenium\selenium-ie-driver\4.10.0\selenium-ie-driver-4.10.0.jar;C:\Users\gabim\.m2\repository\org\seleniumhq\selenium\selenium-remote-driver\4.10.0\selenium-remote-driver-4.10.0.jar;C:\Users\gabim\.m2\repository\io\netty\netty-buffer\4.1.92.Final\netty-buffer-4.1.92.Final.jar;C:\Users\gabim\.m2\repository\io\netty\netty-codec-http\4.1.92.Final\netty-codec-http-4.1.92.Final.jar;C:\Users\gabim\.m2\repository\io\netty\netty-codec\4.1.92.Final\netty-codec-4.1.92.Final.jar;C:\Users\gabim\.m2\repository\io\netty\netty-handler\4.1.92.Final\netty-handler-4.1.92.Final.jar;C:\Users\gabim\.m2\repository\io\netty\netty-common\4.1.92.Final\netty-common-4.1.92.Final.jar;C:\Users\gabim\.m2\repository\io\netty\netty-transport-classes-epoll\4.1.92.Final\netty-transport-classes-epoll-4.1.92.Final.jar;C:\Users\gabim\.m2\repository\io\netty\netty-transport-classes-kqueue\4.1.92.Final\netty-transport-classes-kqueue-4.1.92.Final.jar;C:\Users\gabim\.m2\repository\io\netty\netty-transport-native-epoll\4.1.92.Final\netty-transport-native-epoll-4.1.92.Final.jar;C:\Users\gabim\.m2\repository\io\netty\netty-transport-native-kqueue\4.1.92.Final\netty-transport-native-kqueue-4.1.92.Final.jar;C:\Users\gabim\.m2\repository\io\netty\netty-transport-native-unix-common\4.1.92.Final\netty-transport-native-unix-common-4.1.92.Final.jar;C:\Users\gabim\.m2\repository\io\netty\netty-transport\4.1.92.Final\netty-transport-4.1.92.Final.jar;C:\Users\gabim\.m2\repository\io\netty\netty-resolver\4.1.92.Final\netty-resolver-4.1.92.Final.jar;C:\Users\gabim\.m2\repository\io\opentelemetry\opentelemetry-api\1.26.0\opentelemetry-api-1.26.0.jar;C:\Users\gabim\.m2\repository\io\opentelemetry\opentelemetry-context\1.26.0\opentelemetry-context-1.26.0.jar;C:\Users\gabim\.m2\repository\io\opentelemetry\opentelemetry-exporter-logging\1.26.0\opentelemetry-exporter-logging-1.26.0.jar;C:\Users\gabim\.m2\repository\io\opentelemetry\opentelemetry-sdk-metrics\1.26.0\opentelemetry-sdk-metrics-1.26.0.jar;C:\Users\gabim\.m2\repository\io\opentelemetry\opentelemetry-extension-incubator\1.26.0-alpha\opentelemetry-extension-incubator-1.26.0-alpha.jar;C:\Users\gabim\.m2\repository\io\opentelemetry\opentelemetry-sdk-logs\1.26.0-alpha\opentelemetry-sdk-logs-1.26.0-alpha.jar;C:\Users\gabim\.m2\repository\io\opentelemetry\opentelemetry-api-logs\1.26.0-alpha\opentelemetry-api-logs-1.26.0-alpha.jar;C:\Users\gabim\.m2\repository\io\opentelemetry\opentelemetry-api-events\1.26.0-alpha\opentelemetry-api-events-1.26.0-alpha.jar;C:\Users\gabim\.m2\repository\io\opentelemetry\opentelemetry-sdk-common\1.26.0\opentelemetry-sdk-common-1.26.0.jar;C:\Users\gabim\.m2\repository\io\opentelemetry\opentelemetry-sdk-extension-autoconfigure-spi\1.26.0\opentelemetry-sdk-extension-autoconfigure-spi-1.26.0.jar;C:\Users\gabim\.m2\repository\io\opentelemetry\opentelemetry-sdk-extension-autoconfigure\1.26.0-alpha\opentelemetry-sdk-extension-autoconfigure-1.26.0-alpha.jar;C:\Users\gabim\.m2\repository\io\opentelemetry\opentelemetry-sdk-trace\1.26.0\opentelemetry-sdk-trace-1.26.0.jar;C:\Users\gabim\.m2\repository\io\opentelemetry\opentelemetry-sdk\1.26.0\opentelemetry-sdk-1.26.0.jar;C:\Users\gabim\.m2\repository\io\opentelemetry\opentelemetry-semconv\1.26.0-alpha\opentelemetry-semconv-1.26.0-alpha.jar;C:\Users\gabim\.m2\repository\net\bytebuddy\byte-buddy\1.14.4\byte-buddy-1.14.4.jar;C:\Users\gabim\.m2\repository\org\apache\commons\commons-exec\1.3\commons-exec-1.3.jar;C:\Users\gabim\.m2\repository\org\asynchttpclient\async-http-client\2.12.3\async-http-client-2.12.3.jar;C:\Users\gabim\.m2\repository\org\asynchttpclient\async-http-client-netty-utils\2.12.3\async-http-client-netty-utils-2.12.3.jar;C:\Users\gabim\.m2\repository\io\netty\netty-codec-socks\4.1.60.Final\netty-codec-socks-4.1.60.Final.jar;C:\Users\gabim\.m2\repository\io\netty\netty-handler-proxy\4.1.60.Final\netty-handler-proxy-4.1.60.Final.jar;C:\Users\gabim\.m2\repository\io\netty\netty-transport-native-epoll\4.1.60.Final\netty-transport-native-epoll-4.1.60.Final-linux-x86_64.jar;C:\Users\gabim\.m2\repository\io\netty\netty-transport-native-kqueue\4.1.60.Final\netty-transport-native-kqueue-4.1.60.Final-osx-x86_64.jar;C:\Users\gabim\.m2\repository\org\reactivestreams\reactive-streams\1.0.3\reactive-streams-1.0.3.jar;C:\Users\gabim\.m2\repository\com\typesafe\netty\netty-reactive-streams\2.0.4\netty-reactive-streams-2.0.4.jar;C:\Users\gabim\.m2\repository\com\sun\activation\jakarta.activation\1.2.2\jakarta.activation-1.2.2.jar;C:\Users\gabim\.m2\repository\org\seleniumhq\selenium\selenium-safari-driver\4.10.0\selenium-safari-driver-4.10.0.jar;C:\Users\gabim\.m2\repository\org\seleniumhq\selenium\selenium-support\4.10.0\selenium-support-4.10.0.jar;C:\Users\gabim\.m2\repository\io\github\bonigarcia\webdrivermanager\5.7.0\webdrivermanager-5.7.0.jar;C:\Users\gabim\.m2\repository\com\github\docker-java\docker-java\3.3.5\docker-java-3.3.5.jar;C:\Users\gabim\.m2\repository\com\github\docker-java\docker-java-core\3.3.5\docker-java-core-3.3.5.jar;C:\Users\gabim\.m2\repository\com\github\docker-java\docker-java-api\3.3.5\docker-java-api-3.3.5.jar;C:\Users\gabim\.m2\repository\com\fasterxml\jackson\core\jackson-annotations\2.10.3\jackson-annotations-2.10.3.jar;C:\Users\gabim\.m2\repository\com\fasterxml\jackson\core\jackson-databind\2.10.3\jackson-databind-2.10.3.jar;C:\Users\gabim\.m2\repository\com\fasterxml\jackson\core\jackson-core\2.10.3\jackson-core-2.10.3.jar;C:\Users\gabim\.m2\repository\org\bouncycastle\bcpkix-jdk18on\1.76\bcpkix-jdk18on-1.76.jar;C:\Users\gabim\.m2\repository\org\bouncycastle\bcprov-jdk18on\1.76\bcprov-jdk18on-1.76.jar;C:\Users\gabim\.m2\repository\org\bouncycastle\bcutil-jdk18on\1.76\bcutil-jdk18on-1.76.jar;C:\Users\gabim\.m2\repository\org\slf4j\jcl-over-slf4j\1.7.30\jcl-over-slf4j-1.7.30.jar;C:\Users\gabim\.m2\repository\com\github\docker-java\docker-java-transport-httpclient5\3.3.5\docker-java-transport-httpclient5-3.3.5.jar;C:\Users\gabim\.m2\repository\com\github\docker-java\docker-java-transport\3.3.5\docker-java-transport-3.3.5.jar;C:\Users\gabim\.m2\repository\net\java\dev\jna\jna\5.13.0\jna-5.13.0.jar;C:\Users\gabim\.m2\repository\org\brotli\dec\0.1.2\dec-0.1.2.jar;C:\Users\gabim\.m2\repository\org\apache\commons\commons-lang3\3.14.0\commons-lang3-3.14.0.jar;C:\Users\gabim\.m2\repository\org\apache\commons\commons-compress\1.26.0\commons-compress-1.26.0.jar;C:\Users\gabim\.m2\repository\commons-io\commons-io\2.15.1\commons-io-2.15.1.jar;C:\Users\gabim\.m2\repository\org\testng\testng\6.14.3\testng-6.14.3.jar;C:\Users\gabim\.m2\repository\com\beust\jcommander\1.72\jcommander-1.72.jar;C:\Users\gabim\.m2\repository\org\apache-extras\beanshell\bsh\2.0b6\bsh-2.0b6.jar;C:\Users\gabim\.m2\repository\org\slf4j\slf4j-api\1.7.36\slf4j-api-1.7.36.jar;C:\Users\gabim\.m2\repository\org\slf4j\slf4j-simple\1.7.36\slf4j-simple-1.7.36.jar;C:\Users\gabim\.m2\repository\com\google\code\gson\gson\2.10.1\gson-2.10.1.jar;C:\Users\gabim\.m2\repository\org\apache\httpcomponents\client5\httpclient5\5.2.1\httpclient5-5.2.1.jar;C:\Users\gabim\.m2\repository\org\apache\httpcomponents\core5\httpcore5\5.2\httpcore5-5.2.jar;C:\Users\gabim\.m2\repository\org\apache\httpcomponents\core5\httpcore5-h2\5.2\httpcore5-h2-5.2.jar;"/>
    <property name="java.vm.vendor" value="Oracle Corporation"/>
    <property name="sun.arch.data.model" value="64"/>
    <property name="user.variant" value=""/>
    <property name="java.vendor.url" value="http://java.oracle.com/"/>
    <property name="user.timezone" value="America/Sao_Paulo"/>
    <property name="java.vm.specification.version" value="1.8"/>
    <property name="os.name" value="Windows 10"/>
    <property name="user.country" value="BR"/>
    <property name="sun.java.launcher" value="SUN_STANDARD"/>
    <property name="sun.boot.library.path" value="C:\Program Files\Java\jdk1.8.0_202\jre\bin"/>
    <property name="sun.java.command" value="C:\Users\gabim\AppData\Local\Temp\surefire7470070403281110592\surefirebooter-20251209155417315_3.jar C:\Users\gabim\AppData\Local\Temp\surefire7470070403281110592 2025-12-09T15-54-17_074-jvmRun1 surefire-20251209155417315_1tmp surefire_0-20251209155417315_2tmp"/>
    <property name="surefire.test.class.path" value="C:\Users\gabim\Documents\GitHub\copilot-tests\google\target\test-classes;C:\Users\gabim\Documents\GitHub\copilot-tests\google\target\classes;C:\Users\gabim\.m2\repository\org\seleniumhq\selenium\selenium-java\4.10.0\selenium-java-4.10.0.jar;C:\Users\gabim\.m2\repository\org\seleniumhq\selenium\selenium-api\4.10.0\selenium-api-4.10.0.jar;C:\Users\gabim\.m2\repository\org\seleniumhq\selenium\selenium-chrome-driver\4.10.0\selenium-chrome-driver-4.10.0.jar;C:\Users\gabim\.m2\repository\com\google\auto\service\auto-service-annotations\1.0.1\auto-service-annotations-1.0.1.jar;C:\Users\gabim\.m2\repository\com\google\auto\service\auto-service\1.0.1\auto-service-1.0.1.jar;C:\Users\gabim\.m2\repository\com\google\auto\auto-common\1.2\auto-common-1.2.jar;C:\Users\gabim\.m2\repository\com\google\guava\guava\31.1-jre\guava-31.1-jre.jar;C:\Users\gabim\.m2\repository\com\google\guava\failureaccess\1.0.1\failureaccess-1.0.1.jar;C:\Users\gabim\.m2\repository\com\google\guava\listenablefuture\9999.0-empty-to-avoid-conflict-with-guava\listenablefuture-9999.0-empty-to-avoid-conflict-with-guava.jar;C:\Users\gabim\.m2\repository\com\google\code\findbugs\jsr305\3.0.2\jsr305-3.0.2.jar;C:\Users\gabim\.m2\repository\org\checkerframework\checker-qual\3.12.0\checker-qual-3.12.0.jar;C:\Users\gabim\.m2\repository\com\google\errorprone\error_prone_annotations\2.11.0\error_prone_annotations-2.11.0.jar;C:\Users\gabim\.m2\repository\com\google\j2objc\j2objc-annotations\1.3\j2objc-annotations-1.3.jar;C:\Users\gabim\.m2\repository\org\seleniumhq\selenium\selenium-chromium-driver\4.10.0\selenium-chromium-driver-4.10.0.jar;C:\Users\gabim\.m2\repository\org\seleniumhq\selenium\selenium-json\4.10.0\selenium-json-4.10.0.jar;C:\Users\gabim\.m2\repository\org\seleniumhq\selenium\selenium-manager\4.10.0\selenium-manager-4.10.0.jar;C:\Users\gabim\.m2\repository\org\seleniumhq\selenium\selenium-devtools-v112\4.10.0\selenium-devtools-v112-4.10.0.jar;C:\Users\gabim\.m2\repository\org\seleniumhq\selenium\selenium-devtools-v113\4.10.0\selenium-devtools-v113-4.10.0.jar;C:\Users\gabim\.m2\repository\org\seleniumhq\selenium\selenium-devtools-v114\4.10.0\selenium-devtools-v114-4.10.0.jar;C:\Users\gabim\.m2\repository\org\seleniumhq\selenium\selenium-devtools-v85\4.10.0\selenium-devtools-v85-4.10.0.jar;C:\Users\gabim\.m2\repository\org\seleniumhq\selenium\selenium-edge-driver\4.10.0\selenium-edge-driver-4.10.0.jar;C:\Users\gabim\.m2\repository\org\seleniumhq\selenium\selenium-firefox-driver\4.10.0\selenium-firefox-driver-4.10.0.jar;C:\Users\gabim\.m2\repository\org\seleniumhq\selenium\selenium-http\4.10.0\selenium-http-4.10.0.jar;C:\Users\gabim\.m2\repository\dev\failsafe\failsafe\3.3.1\failsafe-3.3.1.jar;C:\Users\gabim\.m2\repository\org\seleniumhq\selenium\selenium-ie-driver\4.10.0\selenium-ie-driver-4.10.0.jar;C:\Users\gabim\.m2\repository\org\seleniumhq\selenium\selenium-remote-driver\4.10.0\selenium-remote-driver-4.10.0.jar;C:\Users\gabim\.m2\repository\io\netty\netty-buffer\4.1.92.Final\netty-buffer-4.1.92.Final.jar;C:\Users\gabim\.m2\repository\io\netty\netty-codec-http\4.1.92.Final\netty-codec-http-4.1.92.Final.jar;C:\Users\gabim\.m2\repository\io\netty\netty-codec\4.1.92.Final\netty-codec-4.1.92.Final.jar;C:\Users\gabim\.m2\repository\io\netty\netty-handler\4.1.92.Final\netty-handler-4.1.92.Final.jar;C:\Users\gabim\.m2\repository\io\netty\netty-common\4.1.92.Final\netty-common-4.1.92.Final.jar;C:\Users\gabim\.m2\repository\io\netty\netty-transport-classes-epoll\4.1.92.Final\netty-transport-classes-epoll-4.1.92.Final.jar;C:\Users\gabim\.m2\repository\io\netty\netty-transport-classes-kqueue\4.1.92.Final\netty-transport-classes-kqueue-4.1.92.Final.jar;C:\Users\gabim\.m2\repository\io\netty\netty-transport-native-epoll\4.1.92.Final\netty-transport-native-epoll-4.1.92.Final.jar;C:\Users\gabim\.m2\repository\io\netty\netty-transport-native-kqueue\4.1.92.Final\netty-transport-native-kqueue-4.1.92.Final.jar;C:\Users\gabim\.m2\repository\io\netty\netty-transport-native-unix-common\4.1.92.Final\netty-transport-native-unix-common-4.1.92.Final.jar;C:\Users\gabim\.m2\repository\io\netty\netty-transport\4.1.92.Final\netty-transport-4.1.92.Final.jar;C:\Users\gabim\.m2\repository\io\netty\netty-resolver\4.1.92.Final\netty-resolver-4.1.92.Final.jar;C:\Users\gabim\.m2\repository\io\opentelemetry\opentelemetry-api\1.26.0\opentelemetry-api-1.26.0.jar;C:\Users\gabim\.m2\repository\io\opentelemetry\opentelemetry-context\1.26.0\opentelemetry-context-1.26.0.jar;C:\Users\gabim\.m2\repository\io\opentelemetry\opentelemetry-exporter-logging\1.26.0\opentelemetry-exporter-logging-1.26.0.jar;C:\Users\gabim\.m2\repository\io\opentelemetry\opentelemetry-sdk-metrics\1.26.0\opentelemetry-sdk-metrics-1.26.0.jar;C:\Users\gabim\.m2\repository\io\opentelemetry\opentelemetry-extension-incubator\1.26.0-alpha\opentelemetry-extension-incubator-1.26.0-alpha.jar;C:\Users\gabim\.m2\repository\io\opentelemetry\opentelemetry-sdk-logs\1.26.0-alpha\opentelemetry-sdk-logs-1.26.0-alpha.jar;C:\Users\gabim\.m2\repository\io\opentelemetry\opentelemetry-api-logs\1.26.0-alpha\opentelemetry-api-logs-1.26.0-alpha.jar;C:\Users\gabim\.m2\repository\io\opentelemetry\opentelemetry-api-events\1.26.0-alpha\opentelemetry-api-events-1.26.0-alpha.jar;C:\Users\gabim\.m2\repository\io\opentelemetry\opentelemetry-sdk-common\1.26.0\opentelemetry-sdk-common-1.26.0.jar;C:\Users\gabim\.m2\repository\io\opentelemetry\opentelemetry-sdk-extension-autoconfigure-spi\1.26.0\opentelemetry-sdk-extension-autoconfigure-spi-1.26.0.jar;C:\Users\gabim\.m2\repository\io\opentelemetry\opentelemetry-sdk-extension-autoconfigure\1.26.0-alpha\opentelemetry-sdk-extension-autoconfigure-1.26.0-alpha.jar;C:\Users\gabim\.m2\repository\io\opentelemetry\opentelemetry-sdk-trace\1.26.0\opentelemetry-sdk-trace-1.26.0.jar;C:\Users\gabim\.m2\repository\io\opentelemetry\opentelemetry-sdk\1.26.0\opentelemetry-sdk-1.26.0.jar;C:\Users\gabim\.m2\repository\io\opentelemetry\opentelemetry-semconv\1.26.0-alpha\opentelemetry-semconv-1.26.0-alpha.jar;C:\Users\gabim\.m2\repository\net\bytebuddy\byte-buddy\1.14.4\byte-buddy-1.14.4.jar;C:\Users\gabim\.m2\repository\org\apache\commons\commons-exec\1.3\commons-exec-1.3.jar;C:\Users\gabim\.m2\repository\org\asynchttpclient\async-http-client\2.12.3\async-http-client-2.12.3.jar;C:\Users\gabim\.m2\repository\org\asynchttpclient\async-http-client-netty-utils\2.12.3\async-http-client-netty-utils-2.12.3.jar;C:\Users\gabim\.m2\repository\io\netty\netty-codec-socks\4.1.60.Final\netty-codec-socks-4.1.60.Final.jar;C:\Users\gabim\.m2\repository\io\netty\netty-handler-proxy\4.1.60.Final\netty-handler-proxy-4.1.60.Final.jar;C:\Users\gabim\.m2\repository\io\netty\netty-transport-native-epoll\4.1.60.Final\netty-transport-native-epoll-4.1.60.Final-linux-x86_64.jar;C:\Users\gabim\.m2\repository\io\netty\netty-transport-native-kqueue\4.1.60.Final\netty-transport-native-kqueue-4.1.60.Final-osx-x86_64.jar;C:\Users\gabim\.m2\repository\org\reactivestreams\reactive-streams\1.0.3\reactive-streams-1.0.3.jar;C:\Users\gabim\.m2\repository\com\typesafe\netty\netty-reactive-streams\2.0.4\netty-reactive-streams-2.0.4.jar;C:\Users\gabim\.m2\repository\com\sun\activation\jakarta.activation\1.2.2\jakarta.activation-1.2.2.jar;C:\Users\gabim\.m2\repository\org\seleniumhq\selenium\selenium-safari-driver\4.10.0\selenium-safari-driver-4.10.0.jar;C:\Users\gabim\.m2\repository\org\seleniumhq\selenium\selenium-support\4.10.0\selenium-support-4.10.0.jar;C:\Users\gabim\.m2\repository\io\github\bonigarcia\webdrivermanager\5.7.0\webdrivermanager-5.7.0.jar;C:\Users\gabim\.m2\repository\com\github\docker-java\docker-java\3.3.5\docker-java-3.3.5.jar;C:\Users\gabim\.m2\repository\com\github\docker-java\docker-java-core\3.3.5\docker-java-core-3.3.5.jar;C:\Users\gabim\.m2\repository\com\github\docker-java\docker-java-api\3.3.5\docker-java-api-3.3.5.jar;C:\Users\gabim\.m2\repository\com\fasterxml\jackson\core\jackson-annotations\2.10.3\jackson-annotations-2.10.3.jar;C:\Users\gabim\.m2\repository\com\fasterxml\jackson\core\jackson-databind\2.10.3\jackson-databind-2.10.3.jar;C:\Users\gabim\.m2\repository\com\fasterxml\jackson\core\jackson-core\2.10.3\jackson-core-2.10.3.jar;C:\Users\gabim\.m2\repository\org\bouncycastle\bcpkix-jdk18on\1.76\bcpkix-jdk18on-1.76.jar;C:\Users\gabim\.m2\repository\org\bouncycastle\bcprov-jdk18on\1.76\bcprov-jdk18on-1.76.jar;C:\Users\gabim\.m2\repository\org\bouncycastle\bcutil-jdk18on\1.76\bcutil-jdk18on-1.76.jar;C:\Users\gabim\.m2\repository\org\slf4j\jcl-over-slf4j\1.7.30\jcl-over-slf4j-1.7.30.jar;C:\Users\gabim\.m2\repository\com\github\docker-java\docker-java-transport-httpclient5\3.3.5\docker-java-transport-httpclient5-3.3.5.jar;C:\Users\gabim\.m2\repository\com\github\docker-java\docker-java-transport\3.3.5\docker-java-transport-3.3.5.jar;C:\Users\gabim\.m2\repository\net\java\dev\jna\jna\5.13.0\jna-5.13.0.jar;C:\Users\gabim\.m2\repository\org\brotli\dec\0.1.2\dec-0.1.2.jar;C:\Users\gabim\.m2\repository\org\apache\commons\commons-lang3\3.14.0\commons-lang3-3.14.0.jar;C:\Users\gabim\.m2\repository\org\apache\commons\commons-compress\1.26.0\commons-compress-1.26.0.jar;C:\Users\gabim\.m2\repository\commons-io\commons-io\2.15.1\commons-io-2.15.1.jar;C:\Users\gabim\.m2\repository\org\testng\testng\6.14.3\testng-6.14.3.jar;C:\Users\gabim\.m2\repository\com\beust\jcommander\1.72\jcommander-1.72.jar;C:\Users\gabim\.m2\repository\org\apache-extras\beanshell\bsh\2.0b6\bsh-2.0b6.jar;C:\Users\gabim\.m2\repository\org\slf4j\slf4j-api\1.7.36\slf4j-api-1.7.36.jar;C:\Users\gabim\.m2\repository\org\slf4j\slf4j-simple\1.7.36\slf4j-simple-1.7.36.jar;C:\Users\gabim\.m2\repository\com\google\code\gson\gson\2.10.1\gson-2.10.1.jar;C:\Users\gabim\.m2\repository\org\apache\httpcomponents\client5\httpclient5\5.2.1\httpclient5-5.2.1.jar;C:\Users\gabim\.m2\repository\org\apache\httpcomponents\core5\httpcore5\5.2\httpcore5-5.2.jar;C:\Users\gabim\.m2\repository\org\apache\httpcomponents\core5\httpcore5-h2\5.2\httpcore5-h2-5.2.jar;"/>
    <property name="sun.cpu.endian" value="little"/>
    <property name="user.home" value="C:\Users\gabim"/>
    <property name="user.language" value="pt"/>
    <property name="java.specification.vendor" value="Oracle Corporation"/>
    <property name="java.home" value="C:\Program Files\Java\jdk1.8.0_202\jre"/>
    <property name="basedir" value="C:\Users\gabim\Documents\GitHub\copilot-tests\google"/>
    <property name="file.separator" value="\"/>
    <property name="line.separator" value="&#10;"/>
    <property name="java.vm.specification.vendor" value="Oracle Corporation"/>
    <property name="java.specification.name" value="Java Platform API Specification"/>
    <property name="java.awt.graphicsenv" value="sun.awt.Win32GraphicsEnvironment"/>
    <property name="surefire.real.class.path" value="C:\Users\gabim\AppData\Local\Temp\surefire7470070403281110592\surefirebooter-20251209155417315_3.jar"/>
    <property name="sun.boot.class.path" value="C:\Program Files\Java\jdk1.8.0_202\jre\lib\resources.jar;C:\Program Files\Java\jdk1.8.0_202\jre\lib\rt.jar;C:\Program Files\Java\jdk1.8.0_202\jre\lib\sunrsasign.jar;C:\Program Files\Java\jdk1.8.0_202\jre\lib\jsse.jar;C:\Program Files\Java\jdk1.8.0_202\jre\lib\jce.jar;C:\Program Files\Java\jdk1.8.0_202\jre\lib\charsets.jar;C:\Program Files\Java\jdk1.8.0_202\jre\lib\jfr.jar;C:\Program Files\Java\jdk1.8.0_202\jre\classes"/>
    <property name="user.script" value=""/>
    <property name="sun.management.compiler" value="HotSpot 64-Bit Tiered Compilers"/>
    <property name="java.runtime.version" value="1.8.0_202-b08"/>
    <property name="user.name" value="gabim"/>
    <property name="path.separator" value=";"/>
    <property name="otel.metrics.exporter" value="none"/>
    <property name="os.version" value="10.0"/>
    <property name="java.endorsed.dirs" value="C:\Program Files\Java\jdk1.8.0_202\jre\lib\endorsed"/>
    <property name="java.runtime.name" value="Java(TM) SE Runtime Environment"/>
    <property name="otel.traces.exporter" value="none"/>
    <property name="file.encoding" value="Cp1252"/>
    <property name="java.vm.name" value="Java HotSpot(TM) 64-Bit Server VM"/>
    <property name="localRepository" value="C:\Users\gabim\.m2\repository"/>
    <property name="java.vendor.url.bug" value="http://bugreport.sun.com/bugreport/"/>
    <property name="java.io.tmpdir" value="C:\Users\gabim\AppData\Local\Temp\"/>
    <property name="java.version" value="1.8.0_202"/>
    <property name="user.dir" value="C:\Users\gabim\Documents\GitHub\copilot-tests\google"/>
    <property name="os.arch" value="amd64"/>
    <property name="java.vm.specification.name" value="Java Virtual Machine Specification"/>
    <property name="java.awt.printerjob" value="sun.awt.windows.WPrinterJob"/>
    <property name="sun.os.patch.level" value=""/>
    <property name="java.library.path" value="C:\Program Files\Java\jdk1.8.0_202\jre\bin;C:\WINDOWS\Sun\Java\bin;C:\WINDOWS\system32;C:\WINDOWS;c:\Users\gabim\AppData\Roaming\Code\User\globalStorage\github.copilot-chat\debugCommand;c:\Users\gabim\AppData\Roaming\Code\User\globalStorage\github.copilot-chat\copilotCli;C:\Program Files (x86)\Common Files\Oracle\Java\javapath;C:\Program Files\Java\jdk1.8.0_202\bin;C:\Users\gabim\AppData\Local\Android\Sdk\tools\bin;C:\Users\gabim\AppData\Local\Android\Sdk\emulator;C:\Program Files\Common Files\Oracle\Java\javapath;C:\Windows\system32;C:\Windows;C:\Windows\System32\Wbem;C:\Windows\System32\WindowsPowerShell\v1.0\;C:\Windows\System32\OpenSSH\;C:\Program Files\dotnet\;C:\Program Files\NVIDIA Corporation\NVIDIA NvDLISR;C:\Program Files\nodejs\;C:\Program Files\Git\cmd;C:\Program Files (x86)\NVIDIA Corporation\PhysX\Common;C:\Program Files\MySQL\MySQL Server 8.0\bin;C:\ProgramData\chocolatey\bin;C:\Program Files\OpenJDK\jdk-21.0.2\bin;C:\Users\gabim\AppData\Local\Android\Sdk\plataform-tools;;C:\WINDOWS\system32;C:\WINDOWS;C:\WINDOWS\System32\Wbem;C:\WINDOWS\System32\WindowsPowerShell\v1.0\;C:\WINDOWS\System32\OpenSSH\;C:\Ruby33-x64\bin;C:\Program Files\MySQL\MySQL Shell 8.0\bin\;C:\Users\gabim\AppData\Local\Microsoft\WindowsApps;C:\Users\gabim\AppData\Local\Programs\Microsoft VS Code\bin;C:\Users\gabim\AppData\Roaming\npm;C:\Users\gabim\AppData\Local\Android\Sdk\platform-tools;C:\Program Files\maven-3.8.8\bin;c:\Users\gabim\.vscode\extensions\vscjava.vscode-java-debug-0.58.3\bundled\scripts\noConfigScripts;."/>
    <property name="java.vm.info" value="mixed mode"/>
    <property name="java.vendor" value="Oracle Corporation"/>
    <property name="java.vm.version" value="25.202-b08"/>
    <property name="java.ext.dirs" value="C:\Program Files\Java\jdk1.8.0_202\jre\lib\ext;C:\WINDOWS\Sun\Java\lib\ext"/>
    <property name="sun.io.unicode.encoding" value="UnicodeLittle"/>
    <property name="java.class.version" value="52.0"/>
  </properties>
  <testcase name="testGoogleLogoDisplayed" classname="com.google.automation.GoogleSearchTest" time="0.896">
    <system-out><![CDATA[[TestNGContentHandler] [WARN] It is strongly recommended to add "<!DOCTYPE suite SYSTEM "http://testng.org/testng-1.0.dtd" >" at the top of your file, otherwise TestNG may fail or not work as expected.
...
... TestNG 6.14.3 by Cédric Beust (cedric@beust.com)
...

]]></system-out>
    <system-err><![CDATA[[TestNG-tests-2] INFO com.google.automation.BrowserStackBaseTest - Initializing WebDriver with type: browserstack
[TestNG-tests-2] INFO com.google.automation.BrowserStackBaseTest - Setting up BrowserStack RemoteWebDriver
[TestNG-tests-2] INFO com.google.automation.BrowserStackBaseTest - BrowserStack Hub URL: https://amaurimoraismann_qL3hsa:v81FXLTPVGqPrG8sJxuM@hub.browserstack.com/wd/hub
dez 09, 2025 3:54:17 PM org.openqa.selenium.remote.tracing.opentelemetry.OpenTelemetryTracer createTracer
INFORMAÇÕES: Using OpenTelemetry for tracing
[TestNG-tests-1] INFO io.github.bonigarcia.wdm.WebDriverManager - Using chromedriver 142.0.7444.175 (resolved driver for Chrome 142)
[TestNG-tests-1] INFO io.github.bonigarcia.wdm.WebDriverManager - Exporting webdriver.chrome.driver as C:\Users\gabim\.cache\selenium\chromedriver\win64\142.0.7444.175\chromedriver.exe
dez 09, 2025 3:54:18 PM org.openqa.selenium.remote.service.DriverService$Builder getLogOutput
INFORMAÇÕES: Driver logs no longer sent to console by default; https://www.selenium.dev/documentation/webdriver/drivers/service/#setting-log-output
dez 09, 2025 3:54:19 PM org.openqa.selenium.devtools.CdpVersionFinder findNearestMatch
ADVERTÊNCIA: Unable to find CDP implementation matching 142
dez 09, 2025 3:54:19 PM org.openqa.selenium.chromium.ChromiumDriver lambda$new$4
ADVERTÊNCIA: Unable to find version of CDP to use for . You may need to include a dependency on a specific version of the CDP using something similar to `org.seleniumhq.selenium:selenium-devtools-v86:4.10.0` where the version ("v86") matches the version of the chromium-based browser you're using and the version number of the artifact is the same as Selenium's.
[TestNG-tests-1] INFO com.google.automation.BaseTest - WebDriver initialized successfully
[TestNG-tests-1] INFO com.google.automation.GoogleSearchTest - Starting test: testGoogleLogoDisplayed
[TestNG-tests-1] INFO com.google.automation.GoogleSearchTest - Google logo verified as displayed
]]></system-err>
  </testcase>
  <testcase name="testGooglePageLoad" classname="com.google.automation.GoogleSearchTest" time="0.738">
    <system-err><![CDATA[[TestNG-tests-1] INFO com.google.automation.BaseTest - WebDriver closed successfully
[TestNG-tests-1] INFO io.github.bonigarcia.wdm.WebDriverManager - Using chromedriver 142.0.7444.175 (resolved driver for Chrome 142)
[TestNG-tests-1] INFO io.github.bonigarcia.wdm.WebDriverManager - Exporting webdriver.chrome.driver as C:\Users\gabim\.cache\selenium\chromedriver\win64\142.0.7444.175\chromedriver.exe
dez 09, 2025 3:54:21 PM org.openqa.selenium.remote.service.DriverService$Builder getLogOutput
INFORMAÇÕES: Driver logs no longer sent to console by default; https://www.selenium.dev/documentation/webdriver/drivers/service/#setting-log-output
dez 09, 2025 3:54:21 PM org.openqa.selenium.devtools.CdpVersionFinder findNearestMatch
ADVERTÊNCIA: Unable to find CDP implementation matching 142
dez 09, 2025 3:54:21 PM org.openqa.selenium.chromium.ChromiumDriver lambda$new$4
ADVERTÊNCIA: Unable to find version of CDP to use for . You may need to include a dependency on a specific version of the CDP using something similar to `org.seleniumhq.selenium:selenium-devtools-v86:4.10.0` where the version ("v86") matches the version of the chromium-based browser you're using and the version number of the artifact is the same as Selenium's.
[TestNG-tests-1] INFO com.google.automation.BaseTest - WebDriver initialized successfully
[TestNG-tests-1] INFO com.google.automation.GoogleSearchTest - Starting test: testGooglePageLoad
[TestNG-tests-1] INFO com.google.automation.GoogleSearchTest - Page Title: Google
]]></system-err>
  </testcase>
  <testcase name="testGoogleSearch" classname="com.google.automation.GoogleSearchTest" time="1.505">
    <system-err><![CDATA[[TestNG-tests-1] INFO com.google.automation.BaseTest - WebDriver closed successfully
[TestNG-tests-1] INFO io.github.bonigarcia.wdm.WebDriverManager - Using chromedriver 142.0.7444.175 (resolved driver for Chrome 142)
[TestNG-tests-1] INFO io.github.bonigarcia.wdm.WebDriverManager - Exporting webdriver.chrome.driver as C:\Users\gabim\.cache\selenium\chromedriver\win64\142.0.7444.175\chromedriver.exe
dez 09, 2025 3:54:23 PM org.openqa.selenium.remote.service.DriverService$Builder getLogOutput
INFORMAÇÕES: Driver logs no longer sent to console by default; https://www.selenium.dev/documentation/webdriver/drivers/service/#setting-log-output
dez 09, 2025 3:54:23 PM org.openqa.selenium.devtools.CdpVersionFinder findNearestMatch
ADVERTÊNCIA: Unable to find CDP implementation matching 142
dez 09, 2025 3:54:23 PM org.openqa.selenium.chromium.ChromiumDriver lambda$new$4
ADVERTÊNCIA: Unable to find version of CDP to use for . You may need to include a dependency on a specific version of the CDP using something similar to `org.seleniumhq.selenium:selenium-devtools-v86:4.10.0` where the version ("v86") matches the version of the chromium-based browser you're using and the version number of the artifact is the same as Selenium's.
[TestNG-tests-1] INFO com.google.automation.BaseTest - WebDriver initialized successfully
[TestNG-tests-1] INFO com.google.automation.GoogleSearchTest - Starting test: testGoogleSearch
[TestNG-tests-2] INFO com.google.automation.BrowserStackBaseTest - BrowserStack RemoteWebDriver initialized successfully
[TestNG-tests-2] INFO com.google.automation.BrowserStackBaseTest - Session ID: 52479f87b0a6a7b439ff94434bc2dfd19016dfc1
[TestNG-tests-2] INFO com.google.automation.BrowserStackBaseTest - WebDriver initialized successfully with type: browserstack
[TestNG-tests-2] INFO com.google.automation.GoogleSearchBrowserStackTest - Test setup completed with session ID: 52479f87b0a6a7b439ff94434bc2dfd19016dfc1
[TestNG-tests-2] INFO com.google.automation.GoogleSearchBrowserStackTest - Starting test: testBrowserStackGoogleLogo
[TestNG-tests-1] INFO com.google.automation.GoogleSearchTest - Results Page Title: Selenium WebDriver - Pesquisa Google
]]></system-err>
  </testcase>
  <testcase name="testBrowserStackGoogleLogo" classname="com.google.automation.GoogleSearchBrowserStackTest" time="0.565">
    <system-err><![CDATA[[TestNG-tests-1] INFO com.google.automation.BaseTest - WebDriver closed successfully
[TestNG-tests-1] INFO io.github.bonigarcia.wdm.WebDriverManager - Using chromedriver 142.0.7444.175 (resolved driver for Chrome 142)
[TestNG-tests-1] INFO io.github.bonigarcia.wdm.WebDriverManager - Exporting webdriver.chrome.driver as C:\Users\gabim\.cache\selenium\chromedriver\win64\142.0.7444.175\chromedriver.exe
dez 09, 2025 3:54:27 PM org.openqa.selenium.remote.service.DriverService$Builder getLogOutput
INFORMAÇÕES: Driver logs no longer sent to console by default; https://www.selenium.dev/documentation/webdriver/drivers/service/#setting-log-output
dez 09, 2025 3:54:28 PM org.openqa.selenium.devtools.CdpVersionFinder findNearestMatch
ADVERTÊNCIA: Unable to find CDP implementation matching 142
dez 09, 2025 3:54:28 PM org.openqa.selenium.chromium.ChromiumDriver lambda$new$4
ADVERTÊNCIA: Unable to find version of CDP to use for . You may need to include a dependency on a specific version of the CDP using something similar to `org.seleniumhq.selenium:selenium-devtools-v86:4.10.0` where the version ("v86") matches the version of the chromium-based browser you're using and the version number of the artifact is the same as Selenium's.
[TestNG-tests-1] INFO com.google.automation.BaseTest - WebDriver initialized successfully
[TestNG-tests-1] INFO com.google.automation.GoogleSearchRegressionTest - Starting regression test: Basic Search Functionality
[TestNG-tests-2] INFO com.google.automation.GoogleSearchBrowserStackTest - PASSED: Google logo verified
]]></system-err>
  </testcase>
  <testcase name="testBrowserStackGooglePageLoad" classname="com.google.automation.GoogleSearchBrowserStackTest" time="2.409">
    <system-err><![CDATA[[TestNG-tests-2] INFO com.google.automation.GoogleSearchBrowserStackTest - Page Title: Google
[TestNG-tests-1] INFO com.google.automation.BaseTest - WebDriver closed successfully
[TestNG-tests-1] INFO io.github.bonigarcia.wdm.WebDriverManager - Using chromedriver 142.0.7444.175 (resolved driver for Chrome 142)
[TestNG-tests-1] INFO io.github.bonigarcia.wdm.WebDriverManager - Exporting webdriver.chrome.driver as C:\Users\gabim\.cache\selenium\chromedriver\win64\142.0.7444.175\chromedriver.exe
dez 09, 2025 3:54:37 PM org.openqa.selenium.remote.service.DriverService$Builder getLogOutput
INFORMAÇÕES: Driver logs no longer sent to console by default; https://www.selenium.dev/documentation/webdriver/drivers/service/#setting-log-output
[TestNG-tests-2] INFO com.google.automation.GoogleSearchBrowserStackTest - PASSED: Google homepage loaded successfully
]]></system-err>
  </testcase>
  <testcase name="testBrowserStackGoogleSearch" classname="com.google.automation.GoogleSearchBrowserStackTest" time="2.878">
    <system-err><![CDATA[[TestNG-tests-2] INFO com.google.automation.GoogleSearchBrowserStackTest - Results Page Title: https://www.google.com/search?q=BrowserStack+Selenium&sca_esv=1200947014d1748e&source=hp&ei=ZGI4aaizNdWj5NoPrIbd6AM&iflsig=AOw8s4IAAAAAaThwdDqONUg8fGtfNfzxmTr4kxlzofwy&ved=0ahUKEwio9f7aibGRAxXVEVkFHSxDFz0Q4dUDCCc&uact=5&oq=BrowserStack+Selenium&gs_lp=Egdnd3Mtd2l6IhVCcm93c2VyU3RhY2sgU2VsZW5pdW0yBRAAGIAEMgUQABiABDIFEAAYgAQyBhAAGBYYHjIGEAAYFhgeMgYQABgWGB4yCBAAGBYYChgeMgYQABgWGB4yBhAAGBYYHjIGEAAYFhgeSNUEUABYoAFwAHgAkAEAmAHAAaABuAWqAQMwLjS4AQPIAQD4AQGYAgSgApMGmAMAkgcFMC4zLjGgB4YasgcFMC4zLjG4B5MGwgcFMi0zLjHIBxiACAA&sclient=gws-wiz&sei=Z2I4ad2jIsyn5NoPkvfB2QI
[TestNG-tests-2] INFO com.google.automation.GoogleSearchBrowserStackTest - PASSED: Search executed successfully
]]></system-err>
  </testcase>
  <testcase name="testBrowserStackMultipleSearches" classname="com.google.automation.GoogleSearchBrowserStackTest" time="14.708">
    <system-err><![CDATA[[TestNG-tests-1] INFO com.google.automation.BaseTest - WebDriver closed successfully
[TestNG-tests-2] INFO com.google.automation.BrowserStackBaseTest - BrowserStack session status updated: PASSED
[TestNG-tests-2] INFO com.google.automation.GoogleSearchBrowserStackTest - Test PASSED: testBrowserStackGoogleSearch
[TestNG-tests-2] INFO com.google.automation.BrowserStackBaseTest - Closing BrowserStack session: 3ec5b0ea82a86a4ad32624a28ed1998d1c06aaec
[TestNG-tests-2] INFO com.google.automation.BrowserStackBaseTest - WebDriver closed successfully
[TestNG-tests-2] INFO com.google.automation.BrowserStackBaseTest - Closing BrowserStack session: null
[TestNG-tests-2] INFO com.google.automation.BrowserStackBaseTest - WebDriver closed successfully
[TestNG-tests-2] INFO com.google.automation.BrowserStackBaseTest - Initializing WebDriver with type: browserstack
[TestNG-tests-2] INFO com.google.automation.BrowserStackBaseTest - Setting up BrowserStack RemoteWebDriver
[TestNG-tests-2] INFO com.google.automation.BrowserStackBaseTest - BrowserStack Hub URL: https://amaurimoraismann_qL3hsa:v81FXLTPVGqPrG8sJxuM@hub.browserstack.com/wd/hub
[TestNG-tests-2] INFO com.google.automation.BrowserStackBaseTest - BrowserStack RemoteWebDriver initialized successfully
[TestNG-tests-2] INFO com.google.automation.BrowserStackBaseTest - Session ID: f5bf8eac91839a01ef85501ebe31faa05360329a
[TestNG-tests-2] INFO com.google.automation.BrowserStackBaseTest - WebDriver initialized successfully with type: browserstack
[TestNG-tests-2] INFO com.google.automation.GoogleSearchBrowserStackTest - Test setup completed with session ID: f5bf8eac91839a01ef85501ebe31faa05360329a
[TestNG-tests-2] INFO com.google.automation.GoogleSearchBrowserStackTest - Starting test: testBrowserStackMultipleSearches
[TestNG-tests-2] INFO com.google.automation.GoogleSearchBrowserStackTest - Search completed for: Java
[TestNG-tests-2] INFO com.google.automation.GoogleSearchBrowserStackTest - Search completed for: Selenium
[TestNG-tests-2] INFO com.google.automation.GoogleSearchBrowserStackTest - Search completed for: Testing
[TestNG-tests-2] INFO com.google.automation.GoogleSearchBrowserStackTest - PASSED: Multiple searches executed successfully
]]></system-err>
  </testcase>
  <testcase name="testBrowserStackPageLoadPerformance" classname="com.google.automation.GoogleSearchBrowserStackTest" time="0.424">
    <system-err><![CDATA[[TestNG-tests-2] INFO com.google.automation.BrowserStackBaseTest - BrowserStack session status updated: PASSED
[TestNG-tests-2] INFO com.google.automation.GoogleSearchBrowserStackTest - Test PASSED: testBrowserStackMultipleSearches
[TestNG-tests-2] INFO com.google.automation.BrowserStackBaseTest - Closing BrowserStack session: f5bf8eac91839a01ef85501ebe31faa05360329a
[TestNG-tests-2] INFO com.google.automation.BrowserStackBaseTest - WebDriver closed successfully
[TestNG-tests-2] INFO com.google.automation.BrowserStackBaseTest - Closing BrowserStack session: null
[TestNG-tests-2] INFO com.google.automation.BrowserStackBaseTest - WebDriver closed successfully
[TestNG-tests-2] INFO com.google.automation.BrowserStackBaseTest - Initializing WebDriver with type: browserstack
[TestNG-tests-2] INFO com.google.automation.BrowserStackBaseTest - Setting up BrowserStack RemoteWebDriver
[TestNG-tests-2] INFO com.google.automation.BrowserStackBaseTest - BrowserStack Hub URL: https://amaurimoraismann_qL3hsa:v81FXLTPVGqPrG8sJxuM@hub.browserstack.com/wd/hub
[TestNG-tests-2] INFO com.google.automation.BrowserStackBaseTest - BrowserStack RemoteWebDriver initialized successfully
[TestNG-tests-2] INFO com.google.automation.BrowserStackBaseTest - Session ID: f4b7eab9b56bd47b6ea2d738609490a91bdaf74c
[TestNG-tests-2] INFO com.google.automation.BrowserStackBaseTest - WebDriver initialized successfully with type: browserstack
[TestNG-tests-2] INFO com.google.automation.GoogleSearchBrowserStackTest - Test setup completed with session ID: f4b7eab9b56bd47b6ea2d738609490a91bdaf74c
[TestNG-tests-2] INFO com.google.automation.GoogleSearchBrowserStackTest - Starting test: testBrowserStackPageLoadPerformance
[TestNG-tests-2] INFO com.google.automation.GoogleSearchBrowserStackTest - Page load time: 424 ms
[TestNG-tests-2] INFO com.google.automation.GoogleSearchBrowserStackTest - PASSED: Page loaded within acceptable time
]]></system-err>
  </testcase>
  <testcase name="testBrowserStackPageNavigation" classname="com.google.automation.GoogleSearchBrowserStackTest" time="8.459">
    <system-err><![CDATA[[TestNG-tests-2] INFO com.google.automation.BrowserStackBaseTest - BrowserStack session status updated: PASSED
[TestNG-tests-2] INFO com.google.automation.GoogleSearchBrowserStackTest - Test PASSED: testBrowserStackPageLoadPerformance
[TestNG-tests-2] INFO com.google.automation.BrowserStackBaseTest - Closing BrowserStack session: f4b7eab9b56bd47b6ea2d738609490a91bdaf74c
[TestNG-tests-2] INFO com.google.automation.BrowserStackBaseTest - WebDriver closed successfully
[TestNG-tests-2] INFO com.google.automation.BrowserStackBaseTest - Closing BrowserStack session: null
[TestNG-tests-2] INFO com.google.automation.BrowserStackBaseTest - WebDriver closed successfully
[TestNG-tests-2] INFO com.google.automation.BrowserStackBaseTest - Initializing WebDriver with type: browserstack
[TestNG-tests-2] INFO com.google.automation.BrowserStackBaseTest - Setting up BrowserStack RemoteWebDriver
[TestNG-tests-2] INFO com.google.automation.BrowserStackBaseTest - BrowserStack Hub URL: https://amaurimoraismann_qL3hsa:v81FXLTPVGqPrG8sJxuM@hub.browserstack.com/wd/hub
[TestNG-tests-2] INFO com.google.automation.BrowserStackBaseTest - BrowserStack RemoteWebDriver initialized successfully
[TestNG-tests-2] INFO com.google.automation.BrowserStackBaseTest - Session ID: a8c26b68e0f23ca954c08747d17019f651eebb52
[TestNG-tests-2] INFO com.google.automation.BrowserStackBaseTest - WebDriver initialized successfully with type: browserstack
[TestNG-tests-2] INFO com.google.automation.GoogleSearchBrowserStackTest - Test setup completed with session ID: a8c26b68e0f23ca954c08747d17019f651eebb52
[TestNG-tests-2] INFO com.google.automation.GoogleSearchBrowserStackTest - Starting test: testBrowserStackPageNavigation
[TestNG-tests-2] INFO com.google.automation.GoogleSearchBrowserStackTest - Navigation test completed. Current URL: https://www.google.com/?zx=1765302928372&no_sw_cr=1
[TestNG-tests-2] INFO com.google.automation.GoogleSearchBrowserStackTest - PASSED: Page navigation works correctly
]]></system-err>
  </testcase>
  <testcase name="testBrowserStackSearchBoxProperties" classname="com.google.automation.GoogleSearchBrowserStackTest" time="4.164">
    <system-err><![CDATA[[TestNG-tests-2] INFO com.google.automation.BrowserStackBaseTest - BrowserStack session status updated: PASSED
[TestNG-tests-2] INFO com.google.automation.GoogleSearchBrowserStackTest - Test PASSED: testBrowserStackPageNavigation
[TestNG-tests-2] INFO com.google.automation.BrowserStackBaseTest - Closing BrowserStack session: a8c26b68e0f23ca954c08747d17019f651eebb52
[TestNG-tests-2] INFO com.google.automation.BrowserStackBaseTest - WebDriver closed successfully
[TestNG-tests-2] INFO com.google.automation.BrowserStackBaseTest - Closing BrowserStack session: null
[TestNG-tests-2] INFO com.google.automation.BrowserStackBaseTest - WebDriver closed successfully
[TestNG-tests-2] INFO com.google.automation.BrowserStackBaseTest - Initializing WebDriver with type: browserstack
[TestNG-tests-2] INFO com.google.automation.BrowserStackBaseTest - Setting up BrowserStack RemoteWebDriver
[TestNG-tests-2] INFO com.google.automation.BrowserStackBaseTest - BrowserStack Hub URL: https://amaurimoraismann_qL3hsa:v81FXLTPVGqPrG8sJxuM@hub.browserstack.com/wd/hub
[TestNG-tests-2] INFO com.google.automation.BrowserStackBaseTest - BrowserStack RemoteWebDriver initialized successfully
[TestNG-tests-2] INFO com.google.automation.BrowserStackBaseTest - Session ID: a2855c76f787fc18282564f4dfd7e1adbc9c33d1
[TestNG-tests-2] INFO com.google.automation.BrowserStackBaseTest - WebDriver initialized successfully with type: browserstack
[TestNG-tests-2] INFO com.google.automation.GoogleSearchBrowserStackTest - Test setup completed with session ID: a2855c76f787fc18282564f4dfd7e1adbc9c33d1
[TestNG-tests-2] INFO com.google.automation.GoogleSearchBrowserStackTest - Starting test: testBrowserStackSearchBoxProperties
[TestNG-tests-2] INFO com.google.automation.GoogleSearchBrowserStackTest - Search box placeholder: 
[TestNG-tests-2] INFO com.google.automation.GoogleSearchBrowserStackTest - PASSED: Search box properties verified
]]></system-err>
  </testcase>
  <testcase name="testBrowserStackSearchResults" classname="com.google.automation.GoogleSearchBrowserStackTest" time="25.485">
    <failure message="Expected condition failed: waiting for presence of element located by: By.xpath: //div[contains(@class, &apos;search&apos;)] (tried for 10 second(s) with 500 milliseconds interval)" type="org.openqa.selenium.TimeoutException"><![CDATA[org.openqa.selenium.TimeoutException: Expected condition failed: waiting for presence of element located by: By.xpath: //div[contains(@class, 'search')] (tried for 10 second(s) with 500 milliseconds interval)
	at org.openqa.selenium.support.ui.WebDriverWait.timeoutException(WebDriverWait.java:84)
	at org.openqa.selenium.support.ui.FluentWait.until(FluentWait.java:230)
	at com.google.automation.GoogleSearchBrowserStackTest.testBrowserStackSearchResults(GoogleSearchBrowserStackTest.java:131)
	at sun.reflect.NativeMethodAccessorImpl.invoke0(Native Method)
	at sun.reflect.NativeMethodAccessorImpl.invoke(NativeMethodAccessorImpl.java:62)
	at sun.reflect.DelegatingMethodAccessorImpl.invoke(DelegatingMethodAccessorImpl.java:43)
	at java.lang.reflect.Method.invoke(Method.java:498)
	at org.testng.internal.MethodInvocationHelper.invokeMethod(MethodInvocationHelper.java:124)
	at org.testng.internal.Invoker.invokeMethod(Invoker.java:583)
	at org.testng.internal.Invoker.invokeTestMethod(Invoker.java:719)
	at org.testng.internal.Invoker.invokeTestMethods(Invoker.java:989)
	at org.testng.internal.TestMethodWorker.invokeTestMethods(TestMethodWorker.java:125)
	at org.testng.internal.TestMethodWorker.run(TestMethodWorker.java:109)
	at org.testng.TestRunner.privateRun(TestRunner.java:648)
	at org.testng.TestRunner.run(TestRunner.java:505)
	at org.testng.SuiteRunner.runTest(SuiteRunner.java:455)
	at org.testng.SuiteRunner.access$000(SuiteRunner.java:40)
	at org.testng.SuiteRunner$SuiteWorker.run(SuiteRunner.java:489)
	at org.testng.internal.thread.ThreadUtil$1.call(ThreadUtil.java:52)
	at java.util.concurrent.FutureTask.run(FutureTask.java:266)
	at java.util.concurrent.ThreadPoolExecutor.runWorker(ThreadPoolExecutor.java:1149)
	at java.util.concurrent.ThreadPoolExecutor$Worker.run(ThreadPoolExecutor.java:624)
	at java.lang.Thread.run(Thread.java:748)
Caused by: org.openqa.selenium.NoSuchElementException: no such element: Unable to locate element: {"method":"xpath","selector":"//div[contains(@class, 'search')]"}
  (Session info: chrome=143.0.7499.41)
For documentation on this error, please visit: https://www.selenium.dev/documentation/webdriver/troubleshooting/errors#no-such-element-exception
Build info: version: '4.10.0', revision: 'c14d967899'
System info: os.name: 'Windows 10', os.arch: 'amd64', os.version: '10.0', java.version: '1.8.0_202'
Driver info: org.openqa.selenium.remote.RemoteWebDriver
Command: [cec2e43245535b9be6dad56c7a96d6bda75a9ba9, findElement {using=xpath, value=//div[contains(@class, 'search')]}]
Capabilities {acceptInsecureCerts: true, browserName: chrome, browserVersion: 143.0.7499.41, chrome: {chromedriverVersion: 143.0.7499.40 (c23ff452476d..., userDataDir: C:\Windows\proxy\scoped_dir...}, fedcm:accounts: true, goog:chromeOptions: {debuggerAddress: localhost:9222}, goog:processID: 3392, networkConnectionEnabled: false, pageLoadStrategy: normal, platformName: windows, proxy: Proxy(), setWindowRect: true, strictFileInteractability: false, timeouts: {implicit: 0, pageLoad: 300000, script: 30000}, unhandledPromptBehavior: dismiss and notify, webauthn:extension:credBlob: true, webauthn:extension:largeBlob: true, webauthn:extension:minPinLength: true, webauthn:extension:prf: true, webauthn:virtualAuthenticators: true, webdriver.remote.sessionid: cec2e43245535b9be6dad56c7a9...}
Session ID: cec2e43245535b9be6dad56c7a96d6bda75a9ba9
	at sun.reflect.NativeConstructorAccessorImpl.newInstance0(Native Method)
	at sun.reflect.NativeConstructorAccessorImpl.newInstance(NativeConstructorAccessorImpl.java:62)
	at sun.reflect.DelegatingConstructorAccessorImpl.newInstance(DelegatingConstructorAccessorImpl.java:45)
	at java.lang.reflect.Constructor.newInstance(Constructor.java:423)
	at org.openqa.selenium.remote.codec.w3c.W3CHttpResponseCodec.createException(W3CHttpResponseCodec.java:199)
	at org.openqa.selenium.remote.codec.w3c.W3CHttpResponseCodec.decode(W3CHttpResponseCodec.java:132)
	at org.openqa.selenium.remote.codec.w3c.W3CHttpResponseCodec.decode(W3CHttpResponseCodec.java:51)
	at org.openqa.selenium.remote.HttpCommandExecutor.execute(HttpCommandExecutor.java:191)
	at org.openqa.selenium.remote.TracedCommandExecutor.execute(TracedCommandExecutor.java:51)
	at org.openqa.selenium.remote.RemoteWebDriver.execute(RemoteWebDriver.java:531)
	at org.openqa.selenium.remote.ElementLocation$ElementFinder$2.findElement(ElementLocation.java:165)
	at org.openqa.selenium.remote.ElementLocation.findElement(ElementLocation.java:59)
	at org.openqa.selenium.remote.RemoteWebDriver.findElement(RemoteWebDriver.java:350)
	at org.openqa.selenium.remote.RemoteWebDriver.findElement(RemoteWebDriver.java:344)
	at org.openqa.selenium.support.ui.ExpectedConditions$6.apply(ExpectedConditions.java:171)
	at org.openqa.selenium.support.ui.ExpectedConditions$6.apply(ExpectedConditions.java:168)
	at org.openqa.selenium.support.ui.FluentWait.until(FluentWait.java:205)
	... 21 more
]]></failure>
    <system-err><![CDATA[[TestNG-tests-2] INFO com.google.automation.BrowserStackBaseTest - BrowserStack session status updated: PASSED
[TestNG-tests-2] INFO com.google.automation.GoogleSearchBrowserStackTest - Test PASSED: testBrowserStackSearchBoxProperties
[TestNG-tests-2] INFO com.google.automation.BrowserStackBaseTest - Closing BrowserStack session: a2855c76f787fc18282564f4dfd7e1adbc9c33d1
[TestNG-tests-2] INFO com.google.automation.BrowserStackBaseTest - WebDriver closed successfully
[TestNG-tests-2] INFO com.google.automation.BrowserStackBaseTest - Closing BrowserStack session: null
[TestNG-tests-2] INFO com.google.automation.BrowserStackBaseTest - WebDriver closed successfully
[TestNG-tests-2] INFO com.google.automation.BrowserStackBaseTest - Initializing WebDriver with type: browserstack
[TestNG-tests-2] INFO com.google.automation.BrowserStackBaseTest - Setting up BrowserStack RemoteWebDriver
[TestNG-tests-2] INFO com.google.automation.BrowserStackBaseTest - BrowserStack Hub URL: https://amaurimoraismann_qL3hsa:v81FXLTPVGqPrG8sJxuM@hub.browserstack.com/wd/hub
[TestNG-tests-2] INFO com.google.automation.BrowserStackBaseTest - BrowserStack RemoteWebDriver initialized successfully
[TestNG-tests-2] INFO com.google.automation.BrowserStackBaseTest - Session ID: cec2e43245535b9be6dad56c7a96d6bda75a9ba9
[TestNG-tests-2] INFO com.google.automation.BrowserStackBaseTest - WebDriver initialized successfully with type: browserstack
[TestNG-tests-2] INFO com.google.automation.GoogleSearchBrowserStackTest - Test setup completed with session ID: cec2e43245535b9be6dad56c7a96d6bda75a9ba9
[TestNG-tests-2] INFO com.google.automation.GoogleSearchBrowserStackTest - Starting test: testBrowserStackSearchResults
[TestNG-tests-2] INFO com.google.automation.GoogleSearchBrowserStackTest - Results container 'rso' not found, checking for results div
]]></system-err>
  </testcase>
  <testcase name="testRegressionBasicSearch" classname="com.google.automation.GoogleSearchRegressionTest" time="2.027">
    <system-err><![CDATA[[TestNG-tests-2] INFO com.google.automation.BrowserStackBaseTest - BrowserStack session status updated: PASSED
[TestNG-tests-2] INFO com.google.automation.GoogleSearchBrowserStackTest - Test PASSED: testBrowserStackGoogleLogo
[TestNG-tests-2] INFO com.google.automation.BrowserStackBaseTest - Closing BrowserStack session: 52479f87b0a6a7b439ff94434bc2dfd19016dfc1
[TestNG-tests-2] INFO com.google.automation.BrowserStackBaseTest - WebDriver closed successfully
[TestNG-tests-2] INFO com.google.automation.BrowserStackBaseTest - Closing BrowserStack session: null
[TestNG-tests-2] INFO com.google.automation.BrowserStackBaseTest - WebDriver closed successfully
[TestNG-tests-2] INFO com.google.automation.BrowserStackBaseTest - Initializing WebDriver with type: browserstack
[TestNG-tests-2] INFO com.google.automation.BrowserStackBaseTest - Setting up BrowserStack RemoteWebDriver
[TestNG-tests-2] INFO com.google.automation.BrowserStackBaseTest - BrowserStack Hub URL: https://amaurimoraismann_qL3hsa:v81FXLTPVGqPrG8sJxuM@hub.browserstack.com/wd/hub
[TestNG-tests-1] INFO com.google.automation.GoogleSearchRegressionTest - Search results page title: Google Search - Pesquisa Google
[TestNG-tests-1] INFO com.google.automation.GoogleSearchRegressionTest - Search results URL: https://www.google.com/search?q=Google+Search&sca_esv=9d29c1b39aeb3b2c&source=hp&ei=VGI4aZSSGbys5OUPgMWgmQ0&iflsig=AOw8s4IAAAAAaThwZCaKezAZsODWcNh0bmZtRjMh86DD&ved=0ahUKEwiUjJLTibGRAxU8FrkGHYAiKNMQ4dUDCA8&uact=5&oq=Google+Search&gs_lp=Egdnd3Mtd2l6Ig1Hb29nbGUgU2VhcmNoSDpQAFgbcAB4AJABAJgBAKABAKoBALgBA8gBAPgBAZgCAKACAJgDAJIHAKAHALIHALgHAMIHAMgHAIAIAQ&sclient=gws-wiz&sei=VWI4aYScDo2Y5OUPkJ7SCA
[TestNG-tests-1] INFO com.google.automation.GoogleSearchRegressionTest - PASSED: Basic search functionality test
]]></system-err>
  </testcase>
  <testcase name="testRegressionHomepageAccessibility" classname="com.google.automation.GoogleSearchRegressionTest" time="0.824">
    <system-err><![CDATA[[TestNG-tests-1] INFO com.google.automation.BaseTest - WebDriver closed successfully
[TestNG-tests-1] INFO io.github.bonigarcia.wdm.WebDriverManager - Using chromedriver 142.0.7444.175 (resolved driver for Chrome 142)
[TestNG-tests-1] INFO io.github.bonigarcia.wdm.WebDriverManager - Exporting webdriver.chrome.driver as C:\Users\gabim\.cache\selenium\chromedriver\win64\142.0.7444.175\chromedriver.exe
dez 09, 2025 3:54:31 PM org.openqa.selenium.remote.service.DriverService$Builder getLogOutput
INFORMAÇÕES: Driver logs no longer sent to console by default; https://www.selenium.dev/documentation/webdriver/drivers/service/#setting-log-output
dez 09, 2025 3:54:31 PM org.openqa.selenium.devtools.CdpVersionFinder findNearestMatch
ADVERTÊNCIA: Unable to find CDP implementation matching 142
dez 09, 2025 3:54:31 PM org.openqa.selenium.chromium.ChromiumDriver lambda$new$4
ADVERTÊNCIA: Unable to find version of CDP to use for . You may need to include a dependency on a specific version of the CDP using something similar to `org.seleniumhq.selenium:selenium-devtools-v86:4.10.0` where the version ("v86") matches the version of the chromium-based browser you're using and the version number of the artifact is the same as Selenium's.
[TestNG-tests-1] INFO com.google.automation.BaseTest - WebDriver initialized successfully
[TestNG-tests-1] INFO com.google.automation.GoogleSearchRegressionTest - Starting regression test: Homepage Accessibility
[TestNG-tests-1] INFO com.google.automation.GoogleSearchRegressionTest - Homepage Title: Google
[TestNG-tests-1] INFO com.google.automation.GoogleSearchRegressionTest - PASSED: Homepage accessibility test
]]></system-err>
  </testcase>
  <testcase name="testRegressionPageStability" classname="com.google.automation.GoogleSearchRegressionTest" time="1.349">
    <system-err><![CDATA[[TestNG-tests-1] INFO com.google.automation.BaseTest - WebDriver closed successfully
[TestNG-tests-1] INFO io.github.bonigarcia.wdm.WebDriverManager - Using chromedriver 142.0.7444.175 (resolved driver for Chrome 142)
[TestNG-tests-1] INFO io.github.bonigarcia.wdm.WebDriverManager - Exporting webdriver.chrome.driver as C:\Users\gabim\.cache\selenium\chromedriver\win64\142.0.7444.175\chromedriver.exe
dez 09, 2025 3:54:33 PM org.openqa.selenium.remote.service.DriverService$Builder getLogOutput
INFORMAÇÕES: Driver logs no longer sent to console by default; https://www.selenium.dev/documentation/webdriver/drivers/service/#setting-log-output
dez 09, 2025 3:54:33 PM org.openqa.selenium.devtools.CdpVersionFinder findNearestMatch
ADVERTÊNCIA: Unable to find CDP implementation matching 142
dez 09, 2025 3:54:33 PM org.openqa.selenium.chromium.ChromiumDriver lambda$new$4
ADVERTÊNCIA: Unable to find version of CDP to use for . You may need to include a dependency on a specific version of the CDP using something similar to `org.seleniumhq.selenium:selenium-devtools-v86:4.10.0` where the version ("v86") matches the version of the chromium-based browser you're using and the version number of the artifact is the same as Selenium's.
[TestNG-tests-1] INFO com.google.automation.BaseTest - WebDriver initialized successfully
[TestNG-tests-1] INFO com.google.automation.GoogleSearchRegressionTest - Starting regression test: Page Stability
[TestNG-tests-2] INFO com.google.automation.BrowserStackBaseTest - BrowserStack RemoteWebDriver initialized successfully
[TestNG-tests-2] INFO com.google.automation.BrowserStackBaseTest - Session ID: a18ae2ca64715a6c57e0ec5d7b9f8f4247f0bfd4
[TestNG-tests-2] INFO com.google.automation.BrowserStackBaseTest - WebDriver initialized successfully with type: browserstack
[TestNG-tests-2] INFO com.google.automation.GoogleSearchBrowserStackTest - Test setup completed with session ID: a18ae2ca64715a6c57e0ec5d7b9f8f4247f0bfd4
[TestNG-tests-2] INFO com.google.automation.GoogleSearchBrowserStackTest - Starting test: testBrowserStackGooglePageLoad
[TestNG-tests-1] INFO com.google.automation.GoogleSearchRegressionTest - PASSED: Page stability test
]]></system-err>
  </testcase>
  <testcase name="testRegressionResultNavigation" classname="com.google.automation.GoogleSearchRegressionTest" time="3.072">
    <system-err><![CDATA[dez 09, 2025 3:54:37 PM org.openqa.selenium.devtools.CdpVersionFinder findNearestMatch
ADVERTÊNCIA: Unable to find CDP implementation matching 142
dez 09, 2025 3:54:37 PM org.openqa.selenium.chromium.ChromiumDriver lambda$new$4
ADVERTÊNCIA: Unable to find version of CDP to use for . You may need to include a dependency on a specific version of the CDP using something similar to `org.seleniumhq.selenium:selenium-devtools-v86:4.10.0` where the version ("v86") matches the version of the chromium-based browser you're using and the version number of the artifact is the same as Selenium's.
[TestNG-tests-1] INFO com.google.automation.BaseTest - WebDriver initialized successfully
[TestNG-tests-1] INFO com.google.automation.GoogleSearchRegressionTest - Starting regression test: Result Navigation
[TestNG-tests-2] INFO com.google.automation.BrowserStackBaseTest - BrowserStack session status updated: PASSED
[TestNG-tests-2] INFO com.google.automation.GoogleSearchBrowserStackTest - Test PASSED: testBrowserStackGooglePageLoad
[TestNG-tests-2] INFO com.google.automation.BrowserStackBaseTest - Closing BrowserStack session: a18ae2ca64715a6c57e0ec5d7b9f8f4247f0bfd4
[TestNG-tests-2] INFO com.google.automation.BrowserStackBaseTest - WebDriver closed successfully
[TestNG-tests-2] INFO com.google.automation.BrowserStackBaseTest - Closing BrowserStack session: null
[TestNG-tests-2] INFO com.google.automation.BrowserStackBaseTest - WebDriver closed successfully
[TestNG-tests-2] INFO com.google.automation.BrowserStackBaseTest - Initializing WebDriver with type: browserstack
[TestNG-tests-2] INFO com.google.automation.BrowserStackBaseTest - Setting up BrowserStack RemoteWebDriver
[TestNG-tests-2] INFO com.google.automation.BrowserStackBaseTest - BrowserStack Hub URL: https://amaurimoraismann_qL3hsa:v81FXLTPVGqPrG8sJxuM@hub.browserstack.com/wd/hub
[TestNG-tests-1] INFO com.google.automation.GoogleSearchRegressionTest - First page URL: https://www.google.com/search?q=Test+Query&sca_esv=9d29c1b39aeb3b2c&source=hp&ei=XWI4adD0N57D5OUP3NftqQ0&iflsig=AOw8s4IAAAAAaThwbafcLW7aLScAfDGg1kkpKA-CmXjo&ved=0ahUKEwiQl9bXibGRAxWeIbkGHdxrO9UQ4dUDCA8&uact=5&oq=Test+Query&gs_lp=Egdnd3Mtd2l6IgpUZXN0IFF1ZXJ5SDxQAFgZcAB4AJABAJgBAKABAKoBALgBA8gBAPgBAZgCAKACAJgDAJIHAKAHALIHALgHAMIHAMgHAIAIAA&sclient=gws-wiz&sei=XmI4aafIJ4bb5OUPk6anuA0
[TestNG-tests-1] INFO com.google.automation.GoogleSearchRegressionTest - Next page URL: https://www.google.com/search?q=Test+Query&sca_esv=9d29c1b39aeb3b2c&ei=XmI4abadNo735OUPj6PekAg&start=10&sa=N&sstk=Af77f_fM6Lr1ooW4U6xatp3wnbV5nk_YQbvkX74c5RpkSnoMRRNzMNf26R-bXcQYzvFF5LxiIOTqTViGpKCQSZHHQtLvpw9bRPX3VQ&ved=2ahUKEwi2xJHYibGRAxWOO7kGHY-RF4IQ8NMDegQICBAW&biw=1536&bih=678&dpr=1.25
[TestNG-tests-1] INFO com.google.automation.GoogleSearchRegressionTest - PASSED: Successfully navigated to next results page
[TestNG-tests-1] INFO com.google.automation.GoogleSearchRegressionTest - PASSED: Result navigation test
]]></system-err>
  </testcase>
  <testcase name="testRegressionSearchBoxPresent" classname="com.google.automation.GoogleSearchRegressionTest" time="0.836">
    <system-err><![CDATA[[TestNG-tests-1] INFO com.google.automation.BaseTest - WebDriver closed successfully
[TestNG-tests-1] INFO io.github.bonigarcia.wdm.WebDriverManager - Using chromedriver 142.0.7444.175 (resolved driver for Chrome 142)
[TestNG-tests-1] INFO io.github.bonigarcia.wdm.WebDriverManager - Exporting webdriver.chrome.driver as C:\Users\gabim\.cache\selenium\chromedriver\win64\142.0.7444.175\chromedriver.exe
dez 09, 2025 3:54:41 PM org.openqa.selenium.remote.service.DriverService$Builder getLogOutput
INFORMAÇÕES: Driver logs no longer sent to console by default; https://www.selenium.dev/documentation/webdriver/drivers/service/#setting-log-output
dez 09, 2025 3:54:42 PM org.openqa.selenium.devtools.CdpVersionFinder findNearestMatch
ADVERTÊNCIA: Unable to find CDP implementation matching 142
dez 09, 2025 3:54:42 PM org.openqa.selenium.chromium.ChromiumDriver lambda$new$4
ADVERTÊNCIA: Unable to find version of CDP to use for . You may need to include a dependency on a specific version of the CDP using something similar to `org.seleniumhq.selenium:selenium-devtools-v86:4.10.0` where the version ("v86") matches the version of the chromium-based browser you're using and the version number of the artifact is the same as Selenium's.
[TestNG-tests-1] INFO com.google.automation.BaseTest - WebDriver initialized successfully
[TestNG-tests-1] INFO com.google.automation.GoogleSearchRegressionTest - Starting regression test: Search Box Presence
[TestNG-tests-1] INFO com.google.automation.GoogleSearchRegressionTest - PASSED: Search box is present and functional
]]></system-err>
  </testcase>
  <testcase name="testRegressionSearchInputHandling" classname="com.google.automation.GoogleSearchRegressionTest" time="0.751">
    <system-err><![CDATA[[TestNG-tests-1] INFO com.google.automation.BaseTest - WebDriver closed successfully
[TestNG-tests-1] INFO io.github.bonigarcia.wdm.WebDriverManager - Using chromedriver 142.0.7444.175 (resolved driver for Chrome 142)
[TestNG-tests-1] INFO io.github.bonigarcia.wdm.WebDriverManager - Exporting webdriver.chrome.driver as C:\Users\gabim\.cache\selenium\chromedriver\win64\142.0.7444.175\chromedriver.exe
dez 09, 2025 3:54:44 PM org.openqa.selenium.remote.service.DriverService$Builder getLogOutput
INFORMAÇÕES: Driver logs no longer sent to console by default; https://www.selenium.dev/documentation/webdriver/drivers/service/#setting-log-output
dez 09, 2025 3:54:44 PM org.openqa.selenium.devtools.CdpVersionFinder findNearestMatch
ADVERTÊNCIA: Unable to find CDP implementation matching 142
dez 09, 2025 3:54:44 PM org.openqa.selenium.chromium.ChromiumDriver lambda$new$4
ADVERTÊNCIA: Unable to find version of CDP to use for . You may need to include a dependency on a specific version of the CDP using something similar to `org.seleniumhq.selenium:selenium-devtools-v86:4.10.0` where the version ("v86") matches the version of the chromium-based browser you're using and the version number of the artifact is the same as Selenium's.
[TestNG-tests-1] INFO com.google.automation.BaseTest - WebDriver initialized successfully
[TestNG-tests-1] INFO com.google.automation.GoogleSearchRegressionTest - Starting regression test: Search Input Handling
[TestNG-tests-2] INFO com.google.automation.BrowserStackBaseTest - BrowserStack RemoteWebDriver initialized successfully
[TestNG-tests-2] INFO com.google.automation.BrowserStackBaseTest - Session ID: 3ec5b0ea82a86a4ad32624a28ed1998d1c06aaec
[TestNG-tests-2] INFO com.google.automation.BrowserStackBaseTest - WebDriver initialized successfully with type: browserstack
[TestNG-tests-2] INFO com.google.automation.GoogleSearchBrowserStackTest - Test setup completed with session ID: 3ec5b0ea82a86a4ad32624a28ed1998d1c06aaec
[TestNG-tests-2] INFO com.google.automation.GoogleSearchBrowserStackTest - Starting test: testBrowserStackGoogleSearch
[TestNG-tests-1] INFO com.google.automation.GoogleSearchRegressionTest - PASSED: Search input handling test
]]></system-err>
  </testcase>
  <testcase name="testRegressionSearchResultsDisplayed" classname="com.google.automation.GoogleSearchRegressionTest" time="2.412">
    <system-err><![CDATA[[TestNG-tests-1] INFO com.google.automation.BaseTest - WebDriver closed successfully
[TestNG-tests-1] INFO io.github.bonigarcia.wdm.WebDriverManager - Using chromedriver 142.0.7444.175 (resolved driver for Chrome 142)
[TestNG-tests-1] INFO io.github.bonigarcia.wdm.WebDriverManager - Exporting webdriver.chrome.driver as C:\Users\gabim\.cache\selenium\chromedriver\win64\142.0.7444.175\chromedriver.exe
dez 09, 2025 3:54:46 PM org.openqa.selenium.remote.service.DriverService$Builder getLogOutput
INFORMAÇÕES: Driver logs no longer sent to console by default; https://www.selenium.dev/documentation/webdriver/drivers/service/#setting-log-output
dez 09, 2025 3:54:46 PM org.openqa.selenium.devtools.CdpVersionFinder findNearestMatch
ADVERTÊNCIA: Unable to find CDP implementation matching 142
dez 09, 2025 3:54:46 PM org.openqa.selenium.chromium.ChromiumDriver lambda$new$4
ADVERTÊNCIA: Unable to find version of CDP to use for . You may need to include a dependency on a specific version of the CDP using something similar to `org.seleniumhq.selenium:selenium-devtools-v86:4.10.0` where the version ("v86") matches the version of the chromium-based browser you're using and the version number of the artifact is the same as Selenium's.
[TestNG-tests-1] INFO com.google.automation.BaseTest - WebDriver initialized successfully
[TestNG-tests-1] INFO com.google.automation.GoogleSearchRegressionTest - Starting regression test: Search Results Display
[TestNG-tests-1] INFO com.google.automation.GoogleSearchRegressionTest - Results container found by id 'rso'
[TestNG-tests-1] INFO com.google.automation.GoogleSearchRegressionTest - PASSED: Search results display test
]]></system-err>
  </testcase>
</testsuite>